[0.657s] Invoking command in '/home/henry/custom_msg_testing/unity_udp_ros_bridge': PYTHONPATH=/home/henry/custom_msg_testing/unity_udp_ros_bridge/build/unity_udp_ros_bridge/prefix_override:/usr/lib/python3/dist-packages/colcon_core/task/python/colcon_distutils_commands:/home/henry/custom_msg_testing/unity_udp_ros_bridge/install/unity_udp_ros_bridge/lib/python3.10/site-packages:${PYTHONPATH} /usr/bin/python3 -W ignore:setup.py install is deprecated -W ignore:easy_install command is deprecated setup.py egg_info --egg-base build/unity_udp_ros_bridge build --build-base /home/henry/custom_msg_testing/unity_udp_ros_bridge/build/unity_udp_ros_bridge/build install --record /home/henry/custom_msg_testing/unity_udp_ros_bridge/build/unity_udp_ros_bridge/install.log --single-version-externally-managed install_data
[0.916s] running egg_info
[0.916s] writing build/unity_udp_ros_bridge/unity_udp_ros_bridge.egg-info/PKG-INFO
[0.916s] writing dependency_links to build/unity_udp_ros_bridge/unity_udp_ros_bridge.egg-info/dependency_links.txt
[0.916s] writing entry points to build/unity_udp_ros_bridge/unity_udp_ros_bridge.egg-info/entry_points.txt
[0.917s] writing requirements to build/unity_udp_ros_bridge/unity_udp_ros_bridge.egg-info/requires.txt
[0.917s] writing top-level names to build/unity_udp_ros_bridge/unity_udp_ros_bridge.egg-info/top_level.txt
[0.918s] reading manifest file 'build/unity_udp_ros_bridge/unity_udp_ros_bridge.egg-info/SOURCES.txt'
[0.919s] writing manifest file 'build/unity_udp_ros_bridge/unity_udp_ros_bridge.egg-info/SOURCES.txt'
[0.919s] running build
[0.919s] running build_py
[0.920s] copying unity_udp_ros_bridge/UDPBridgeSub.py -> /home/henry/custom_msg_testing/unity_udp_ros_bridge/build/unity_udp_ros_bridge/build/lib/unity_udp_ros_bridge
[0.920s] running install
[0.920s] running install_lib
[0.921s] copying /home/henry/custom_msg_testing/unity_udp_ros_bridge/build/unity_udp_ros_bridge/build/lib/unity_udp_ros_bridge/UDPBridgeSub.py -> /home/henry/custom_msg_testing/unity_udp_ros_bridge/install/unity_udp_ros_bridge/lib/python3.10/site-packages/unity_udp_ros_bridge
[0.921s] byte-compiling /home/henry/custom_msg_testing/unity_udp_ros_bridge/install/unity_udp_ros_bridge/lib/python3.10/site-packages/unity_udp_ros_bridge/UDPBridgeSub.py to UDPBridgeSub.cpython-310.pyc
[0.923s] running install_data
[0.923s] running install_egg_info
[0.924s] removing '/home/henry/custom_msg_testing/unity_udp_ros_bridge/install/unity_udp_ros_bridge/lib/python3.10/site-packages/unity_udp_ros_bridge-0.0.0-py3.10.egg-info' (and everything under it)
[0.925s] Copying build/unity_udp_ros_bridge/unity_udp_ros_bridge.egg-info to /home/henry/custom_msg_testing/unity_udp_ros_bridge/install/unity_udp_ros_bridge/lib/python3.10/site-packages/unity_udp_ros_bridge-0.0.0-py3.10.egg-info
[0.926s] running install_scripts
[0.945s] Installing udp_bridge_pub script to /home/henry/custom_msg_testing/unity_udp_ros_bridge/install/unity_udp_ros_bridge/lib/unity_udp_ros_bridge
[0.945s] Installing udp_bridge_sub script to /home/henry/custom_msg_testing/unity_udp_ros_bridge/install/unity_udp_ros_bridge/lib/unity_udp_ros_bridge
[0.945s] writing list of installed files to '/home/henry/custom_msg_testing/unity_udp_ros_bridge/build/unity_udp_ros_bridge/install.log'
[0.965s] Invoked command in '/home/henry/custom_msg_testing/unity_udp_ros_bridge' returned '0': PYTHONPATH=/home/henry/custom_msg_testing/unity_udp_ros_bridge/build/unity_udp_ros_bridge/prefix_override:/usr/lib/python3/dist-packages/colcon_core/task/python/colcon_distutils_commands:/home/henry/custom_msg_testing/unity_udp_ros_bridge/install/unity_udp_ros_bridge/lib/python3.10/site-packages:${PYTHONPATH} /usr/bin/python3 -W ignore:setup.py install is deprecated -W ignore:easy_install command is deprecated setup.py egg_info --egg-base build/unity_udp_ros_bridge build --build-base /home/henry/custom_msg_testing/unity_udp_ros_bridge/build/unity_udp_ros_bridge/build install --record /home/henry/custom_msg_testing/unity_udp_ros_bridge/build/unity_udp_ros_bridge/install.log --single-version-externally-managed install_data
