running egg_info
creating build/unity_udp_ros_bridge/unity_udp_ros_bridge.egg-info
writing build/unity_udp_ros_bridge/unity_udp_ros_bridge.egg-info/PKG-INFO
writing dependency_links to build/unity_udp_ros_bridge/unity_udp_ros_bridge.egg-info/dependency_links.txt
writing entry points to build/unity_udp_ros_bridge/unity_udp_ros_bridge.egg-info/entry_points.txt
writing requirements to build/unity_udp_ros_bridge/unity_udp_ros_bridge.egg-info/requires.txt
writing top-level names to build/unity_udp_ros_bridge/unity_udp_ros_bridge.egg-info/top_level.txt
writing manifest file 'build/unity_udp_ros_bridge/unity_udp_ros_bridge.egg-info/SOURCES.txt'
reading manifest file 'build/unity_udp_ros_bridge/unity_udp_ros_bridge.egg-info/SOURCES.txt'
writing manifest file 'build/unity_udp_ros_bridge/unity_udp_ros_bridge.egg-info/SOURCES.txt'
running build
running build_py
creating /home/henry/custom_msg_testing/unity_udp_ros_bridge/build/unity_udp_ros_bridge/build
creating /home/henry/custom_msg_testing/unity_udp_ros_bridge/build/unity_udp_ros_bridge/build/lib
creating /home/henry/custom_msg_testing/unity_udp_ros_bridge/build/unity_udp_ros_bridge/build/lib/unity_udp_ros_bridge
copying unity_udp_ros_bridge/UDPBridgeSub.py -> /home/henry/custom_msg_testing/unity_udp_ros_bridge/build/unity_udp_ros_bridge/build/lib/unity_udp_ros_bridge
copying unity_udp_ros_bridge/UDPServer.py -> /home/henry/custom_msg_testing/unity_udp_ros_bridge/build/unity_udp_ros_bridge/build/lib/unity_udp_ros_bridge
copying unity_udp_ros_bridge/test_udp_server.py -> /home/henry/custom_msg_testing/unity_udp_ros_bridge/build/unity_udp_ros_bridge/build/lib/unity_udp_ros_bridge
copying unity_udp_ros_bridge/test_udp.py -> /home/henry/custom_msg_testing/unity_udp_ros_bridge/build/unity_udp_ros_bridge/build/lib/unity_udp_ros_bridge
copying unity_udp_ros_bridge/UDPBridgePub.py -> /home/henry/custom_msg_testing/unity_udp_ros_bridge/build/unity_udp_ros_bridge/build/lib/unity_udp_ros_bridge
copying unity_udp_ros_bridge/__init__.py -> /home/henry/custom_msg_testing/unity_udp_ros_bridge/build/unity_udp_ros_bridge/build/lib/unity_udp_ros_bridge
running install
running install_lib
creating /home/henry/custom_msg_testing/unity_udp_ros_bridge/install/unity_udp_ros_bridge/lib/python3.10/site-packages/unity_udp_ros_bridge
copying /home/henry/custom_msg_testing/unity_udp_ros_bridge/build/unity_udp_ros_bridge/build/lib/unity_udp_ros_bridge/UDPBridgeSub.py -> /home/henry/custom_msg_testing/unity_udp_ros_bridge/install/unity_udp_ros_bridge/lib/python3.10/site-packages/unity_udp_ros_bridge
copying /home/henry/custom_msg_testing/unity_udp_ros_bridge/build/unity_udp_ros_bridge/build/lib/unity_udp_ros_bridge/UDPServer.py -> /home/henry/custom_msg_testing/unity_udp_ros_bridge/install/unity_udp_ros_bridge/lib/python3.10/site-packages/unity_udp_ros_bridge
copying /home/henry/custom_msg_testing/unity_udp_ros_bridge/build/unity_udp_ros_bridge/build/lib/unity_udp_ros_bridge/test_udp_server.py -> /home/henry/custom_msg_testing/unity_udp_ros_bridge/install/unity_udp_ros_bridge/lib/python3.10/site-packages/unity_udp_ros_bridge
copying /home/henry/custom_msg_testing/unity_udp_ros_bridge/build/unity_udp_ros_bridge/build/lib/unity_udp_ros_bridge/test_udp.py -> /home/henry/custom_msg_testing/unity_udp_ros_bridge/install/unity_udp_ros_bridge/lib/python3.10/site-packages/unity_udp_ros_bridge
copying /home/henry/custom_msg_testing/unity_udp_ros_bridge/build/unity_udp_ros_bridge/build/lib/unity_udp_ros_bridge/UDPBridgePub.py -> /home/henry/custom_msg_testing/unity_udp_ros_bridge/install/unity_udp_ros_bridge/lib/python3.10/site-packages/unity_udp_ros_bridge
copying /home/henry/custom_msg_testing/unity_udp_ros_bridge/build/unity_udp_ros_bridge/build/lib/unity_udp_ros_bridge/__init__.py -> /home/henry/custom_msg_testing/unity_udp_ros_bridge/install/unity_udp_ros_bridge/lib/python3.10/site-packages/unity_udp_ros_bridge
byte-compiling /home/henry/custom_msg_testing/unity_udp_ros_bridge/install/unity_udp_ros_bridge/lib/python3.10/site-packages/unity_udp_ros_bridge/UDPBridgeSub.py to UDPBridgeSub.cpython-310.pyc
byte-compiling /home/henry/custom_msg_testing/unity_udp_ros_bridge/install/unity_udp_ros_bridge/lib/python3.10/site-packages/unity_udp_ros_bridge/UDPServer.py to UDPServer.cpython-310.pyc
byte-compiling /home/henry/custom_msg_testing/unity_udp_ros_bridge/install/unity_udp_ros_bridge/lib/python3.10/site-packages/unity_udp_ros_bridge/test_udp_server.py to test_udp_server.cpython-310.pyc
byte-compiling /home/henry/custom_msg_testing/unity_udp_ros_bridge/install/unity_udp_ros_bridge/lib/python3.10/site-packages/unity_udp_ros_bridge/test_udp.py to test_udp.cpython-310.pyc
byte-compiling /home/henry/custom_msg_testing/unity_udp_ros_bridge/install/unity_udp_ros_bridge/lib/python3.10/site-packages/unity_udp_ros_bridge/UDPBridgePub.py to UDPBridgePub.cpython-310.pyc
byte-compiling /home/henry/custom_msg_testing/unity_udp_ros_bridge/install/unity_udp_ros_bridge/lib/python3.10/site-packages/unity_udp_ros_bridge/__init__.py to __init__.cpython-310.pyc
running install_data
creating /home/henry/custom_msg_testing/unity_udp_ros_bridge/install/unity_udp_ros_bridge/share/ament_index
creating /home/henry/custom_msg_testing/unity_udp_ros_bridge/install/unity_udp_ros_bridge/share/ament_index/resource_index
creating /home/henry/custom_msg_testing/unity_udp_ros_bridge/install/unity_udp_ros_bridge/share/ament_index/resource_index/packages
copying resource/unity_udp_ros_bridge -> /home/henry/custom_msg_testing/unity_udp_ros_bridge/install/unity_udp_ros_bridge/share/ament_index/resource_index/packages
copying package.xml -> /home/henry/custom_msg_testing/unity_udp_ros_bridge/install/unity_udp_ros_bridge/share/unity_udp_ros_bridge
creating /home/henry/custom_msg_testing/unity_udp_ros_bridge/install/unity_udp_ros_bridge/share/unity_udp_ros_bridge/launch
copying launch/udp_bridge_launch.py -> /home/henry/custom_msg_testing/unity_udp_ros_bridge/install/unity_udp_ros_bridge/share/unity_udp_ros_bridge/launch
running install_egg_info
Copying build/unity_udp_ros_bridge/unity_udp_ros_bridge.egg-info to /home/henry/custom_msg_testing/unity_udp_ros_bridge/install/unity_udp_ros_bridge/lib/python3.10/site-packages/unity_udp_ros_bridge-0.0.0-py3.10.egg-info
running install_scripts
Installing udp_bridge_pub script to /home/henry/custom_msg_testing/unity_udp_ros_bridge/install/unity_udp_ros_bridge/lib/unity_udp_ros_bridge
Installing udp_bridge_sub script to /home/henry/custom_msg_testing/unity_udp_ros_bridge/install/unity_udp_ros_bridge/lib/unity_udp_ros_bridge
writing list of installed files to '/home/henry/custom_msg_testing/unity_udp_ros_bridge/build/unity_udp_ros_bridge/install.log'
