[0.652s] Invoking command in '/home/henry/custom_msg_testing/unity_udp_ros_bridge': PYTHONPATH=/home/henry/custom_msg_testing/unity_udp_ros_bridge/build/unity_udp_ros_bridge/prefix_override:/usr/lib/python3/dist-packages/colcon_core/task/python/colcon_distutils_commands:/home/henry/custom_msg_testing/unity_udp_ros_bridge/install/unity_udp_ros_bridge/lib/python3.10/site-packages:${PYTHONPATH} /usr/bin/python3 -W ignore:setup.py install is deprecated -W ignore:easy_install command is deprecated setup.py egg_info --egg-base build/unity_udp_ros_bridge build --build-base /home/henry/custom_msg_testing/unity_udp_ros_bridge/build/unity_udp_ros_bridge/build install --record /home/henry/custom_msg_testing/unity_udp_ros_bridge/build/unity_udp_ros_bridge/install.log --single-version-externally-managed install_data
[0.917s] running egg_info
[0.918s] creating build/unity_udp_ros_bridge/unity_udp_ros_bridge.egg-info
[0.918s] writing build/unity_udp_ros_bridge/unity_udp_ros_bridge.egg-info/PKG-INFO
[0.918s] writing dependency_links to build/unity_udp_ros_bridge/unity_udp_ros_bridge.egg-info/dependency_links.txt
[0.918s] writing entry points to build/unity_udp_ros_bridge/unity_udp_ros_bridge.egg-info/entry_points.txt
[0.919s] writing requirements to build/unity_udp_ros_bridge/unity_udp_ros_bridge.egg-info/requires.txt
[0.919s] writing top-level names to build/unity_udp_ros_bridge/unity_udp_ros_bridge.egg-info/top_level.txt
[0.919s] writing manifest file 'build/unity_udp_ros_bridge/unity_udp_ros_bridge.egg-info/SOURCES.txt'
[0.920s] reading manifest file 'build/unity_udp_ros_bridge/unity_udp_ros_bridge.egg-info/SOURCES.txt'
[0.921s] writing manifest file 'build/unity_udp_ros_bridge/unity_udp_ros_bridge.egg-info/SOURCES.txt'
[0.921s] running build
[0.921s] running build_py
[0.922s] creating /home/henry/custom_msg_testing/unity_udp_ros_bridge/build/unity_udp_ros_bridge/build
[0.922s] creating /home/henry/custom_msg_testing/unity_udp_ros_bridge/build/unity_udp_ros_bridge/build/lib
[0.922s] creating /home/henry/custom_msg_testing/unity_udp_ros_bridge/build/unity_udp_ros_bridge/build/lib/unity_udp_ros_bridge
[0.922s] copying unity_udp_ros_bridge/UDPBridgeSub.py -> /home/henry/custom_msg_testing/unity_udp_ros_bridge/build/unity_udp_ros_bridge/build/lib/unity_udp_ros_bridge
[0.922s] copying unity_udp_ros_bridge/UDPServer.py -> /home/henry/custom_msg_testing/unity_udp_ros_bridge/build/unity_udp_ros_bridge/build/lib/unity_udp_ros_bridge
[0.923s] copying unity_udp_ros_bridge/test_udp_server.py -> /home/henry/custom_msg_testing/unity_udp_ros_bridge/build/unity_udp_ros_bridge/build/lib/unity_udp_ros_bridge
[0.924s] copying unity_udp_ros_bridge/test_udp.py -> /home/henry/custom_msg_testing/unity_udp_ros_bridge/build/unity_udp_ros_bridge/build/lib/unity_udp_ros_bridge
[0.924s] copying unity_udp_ros_bridge/UDPBridgePub.py -> /home/henry/custom_msg_testing/unity_udp_ros_bridge/build/unity_udp_ros_bridge/build/lib/unity_udp_ros_bridge
[0.924s] copying unity_udp_ros_bridge/__init__.py -> /home/henry/custom_msg_testing/unity_udp_ros_bridge/build/unity_udp_ros_bridge/build/lib/unity_udp_ros_bridge
[0.925s] running install
[0.925s] running install_lib
[0.926s] creating /home/henry/custom_msg_testing/unity_udp_ros_bridge/install/unity_udp_ros_bridge/lib/python3.10/site-packages/unity_udp_ros_bridge
[0.926s] copying /home/henry/custom_msg_testing/unity_udp_ros_bridge/build/unity_udp_ros_bridge/build/lib/unity_udp_ros_bridge/UDPBridgeSub.py -> /home/henry/custom_msg_testing/unity_udp_ros_bridge/install/unity_udp_ros_bridge/lib/python3.10/site-packages/unity_udp_ros_bridge
[0.926s] copying /home/henry/custom_msg_testing/unity_udp_ros_bridge/build/unity_udp_ros_bridge/build/lib/unity_udp_ros_bridge/UDPServer.py -> /home/henry/custom_msg_testing/unity_udp_ros_bridge/install/unity_udp_ros_bridge/lib/python3.10/site-packages/unity_udp_ros_bridge
[0.926s] copying /home/henry/custom_msg_testing/unity_udp_ros_bridge/build/unity_udp_ros_bridge/build/lib/unity_udp_ros_bridge/test_udp_server.py -> /home/henry/custom_msg_testing/unity_udp_ros_bridge/install/unity_udp_ros_bridge/lib/python3.10/site-packages/unity_udp_ros_bridge
[0.927s] copying /home/henry/custom_msg_testing/unity_udp_ros_bridge/build/unity_udp_ros_bridge/build/lib/unity_udp_ros_bridge/test_udp.py -> /home/henry/custom_msg_testing/unity_udp_ros_bridge/install/unity_udp_ros_bridge/lib/python3.10/site-packages/unity_udp_ros_bridge
[0.927s] copying /home/henry/custom_msg_testing/unity_udp_ros_bridge/build/unity_udp_ros_bridge/build/lib/unity_udp_ros_bridge/UDPBridgePub.py -> /home/henry/custom_msg_testing/unity_udp_ros_bridge/install/unity_udp_ros_bridge/lib/python3.10/site-packages/unity_udp_ros_bridge
[0.927s] copying /home/henry/custom_msg_testing/unity_udp_ros_bridge/build/unity_udp_ros_bridge/build/lib/unity_udp_ros_bridge/__init__.py -> /home/henry/custom_msg_testing/unity_udp_ros_bridge/install/unity_udp_ros_bridge/lib/python3.10/site-packages/unity_udp_ros_bridge
[0.928s] byte-compiling /home/henry/custom_msg_testing/unity_udp_ros_bridge/install/unity_udp_ros_bridge/lib/python3.10/site-packages/unity_udp_ros_bridge/UDPBridgeSub.py to UDPBridgeSub.cpython-310.pyc
[0.928s] byte-compiling /home/henry/custom_msg_testing/unity_udp_ros_bridge/install/unity_udp_ros_bridge/lib/python3.10/site-packages/unity_udp_ros_bridge/UDPServer.py to UDPServer.cpython-310.pyc
[0.929s] byte-compiling /home/henry/custom_msg_testing/unity_udp_ros_bridge/install/unity_udp_ros_bridge/lib/python3.10/site-packages/unity_udp_ros_bridge/test_udp_server.py to test_udp_server.cpython-310.pyc
[0.929s] byte-compiling /home/henry/custom_msg_testing/unity_udp_ros_bridge/install/unity_udp_ros_bridge/lib/python3.10/site-packages/unity_udp_ros_bridge/test_udp.py to test_udp.cpython-310.pyc
[0.929s] byte-compiling /home/henry/custom_msg_testing/unity_udp_ros_bridge/install/unity_udp_ros_bridge/lib/python3.10/site-packages/unity_udp_ros_bridge/UDPBridgePub.py to UDPBridgePub.cpython-310.pyc
[0.930s] byte-compiling /home/henry/custom_msg_testing/unity_udp_ros_bridge/install/unity_udp_ros_bridge/lib/python3.10/site-packages/unity_udp_ros_bridge/__init__.py to __init__.cpython-310.pyc
[0.930s] running install_data
[0.930s] creating /home/henry/custom_msg_testing/unity_udp_ros_bridge/install/unity_udp_ros_bridge/share/ament_index
[0.931s] creating /home/henry/custom_msg_testing/unity_udp_ros_bridge/install/unity_udp_ros_bridge/share/ament_index/resource_index
[0.931s] creating /home/henry/custom_msg_testing/unity_udp_ros_bridge/install/unity_udp_ros_bridge/share/ament_index/resource_index/packages
[0.931s] copying resource/unity_udp_ros_bridge -> /home/henry/custom_msg_testing/unity_udp_ros_bridge/install/unity_udp_ros_bridge/share/ament_index/resource_index/packages
[0.931s] copying package.xml -> /home/henry/custom_msg_testing/unity_udp_ros_bridge/install/unity_udp_ros_bridge/share/unity_udp_ros_bridge
[0.931s] creating /home/henry/custom_msg_testing/unity_udp_ros_bridge/install/unity_udp_ros_bridge/share/unity_udp_ros_bridge/launch
[0.931s] copying launch/udp_bridge_launch.py -> /home/henry/custom_msg_testing/unity_udp_ros_bridge/install/unity_udp_ros_bridge/share/unity_udp_ros_bridge/launch
[0.931s] running install_egg_info
[0.933s] Copying build/unity_udp_ros_bridge/unity_udp_ros_bridge.egg-info to /home/henry/custom_msg_testing/unity_udp_ros_bridge/install/unity_udp_ros_bridge/lib/python3.10/site-packages/unity_udp_ros_bridge-0.0.0-py3.10.egg-info
[0.934s] running install_scripts
[0.956s] Installing udp_bridge_pub script to /home/henry/custom_msg_testing/unity_udp_ros_bridge/install/unity_udp_ros_bridge/lib/unity_udp_ros_bridge
[0.956s] Installing udp_bridge_sub script to /home/henry/custom_msg_testing/unity_udp_ros_bridge/install/unity_udp_ros_bridge/lib/unity_udp_ros_bridge
[0.956s] writing list of installed files to '/home/henry/custom_msg_testing/unity_udp_ros_bridge/build/unity_udp_ros_bridge/install.log'
[0.976s] Invoked command in '/home/henry/custom_msg_testing/unity_udp_ros_bridge' returned '0': PYTHONPATH=/home/henry/custom_msg_testing/unity_udp_ros_bridge/build/unity_udp_ros_bridge/prefix_override:/usr/lib/python3/dist-packages/colcon_core/task/python/colcon_distutils_commands:/home/henry/custom_msg_testing/unity_udp_ros_bridge/install/unity_udp_ros_bridge/lib/python3.10/site-packages:${PYTHONPATH} /usr/bin/python3 -W ignore:setup.py install is deprecated -W ignore:easy_install command is deprecated setup.py egg_info --egg-base build/unity_udp_ros_bridge build --build-base /home/henry/custom_msg_testing/unity_udp_ros_bridge/build/unity_udp_ros_bridge/build install --record /home/henry/custom_msg_testing/unity_udp_ros_bridge/build/unity_udp_ros_bridge/install.log --single-version-externally-managed install_data
