running egg_info
writing build/unity_udp_ros_bridge/unity_udp_ros_bridge.egg-info/PKG-INFO
writing dependency_links to build/unity_udp_ros_bridge/unity_udp_ros_bridge.egg-info/dependency_links.txt
writing entry points to build/unity_udp_ros_bridge/unity_udp_ros_bridge.egg-info/entry_points.txt
writing requirements to build/unity_udp_ros_bridge/unity_udp_ros_bridge.egg-info/requires.txt
writing top-level names to build/unity_udp_ros_bridge/unity_udp_ros_bridge.egg-info/top_level.txt
reading manifest file 'build/unity_udp_ros_bridge/unity_udp_ros_bridge.egg-info/SOURCES.txt'
writing manifest file 'build/unity_udp_ros_bridge/unity_udp_ros_bridge.egg-info/SOURCES.txt'
running build
running build_py
running install
running install_lib
running install_data
copying package.xml -> /home/henry/unity_udp_ros_bridge/src/unity_udp_ros_bridge/install/unity_udp_ros_bridge/share/unity_udp_ros_bridge
running install_egg_info
removing '/home/henry/unity_udp_ros_bridge/src/unity_udp_ros_bridge/install/unity_udp_ros_bridge/lib/python3.10/site-packages/unity_udp_ros_bridge-0.0.0-py3.10.egg-info' (and everything under it)
Copying build/unity_udp_ros_bridge/unity_udp_ros_bridge.egg-info to /home/henry/unity_udp_ros_bridge/src/unity_udp_ros_bridge/install/unity_udp_ros_bridge/lib/python3.10/site-packages/unity_udp_ros_bridge-0.0.0-py3.10.egg-info
running install_scripts
Installing udp_bridge_pub script to /home/henry/unity_udp_ros_bridge/src/unity_udp_ros_bridge/install/unity_udp_ros_bridge/lib/unity_udp_ros_bridge
Installing udp_bridge_sub script to /home/henry/unity_udp_ros_bridge/src/unity_udp_ros_bridge/install/unity_udp_ros_bridge/lib/unity_udp_ros_bridge
writing list of installed files to '/home/henry/unity_udp_ros_bridge/src/unity_udp_ros_bridge/build/unity_udp_ros_bridge/install.log'
