[0.306s] Invoking command in '/home/henry/unity_udp_ros_bridge/src/unity_udp_ros_bridge': PYTHONPATH=/home/henry/unity_udp_ros_bridge/src/unity_udp_ros_bridge/build/unity_udp_ros_bridge/prefix_override:/usr/lib/python3/dist-packages/colcon_core/task/python/colcon_distutils_commands:/home/henry/unity_udp_ros_bridge/src/unity_udp_ros_bridge/install/unity_udp_ros_bridge/lib/python3.10/site-packages:${PYTHONPATH} /usr/bin/python3 -W ignore:setup.py install is deprecated -W ignore:easy_install command is deprecated setup.py egg_info --egg-base build/unity_udp_ros_bridge build --build-base /home/henry/unity_udp_ros_bridge/src/unity_udp_ros_bridge/build/unity_udp_ros_bridge/build install --record /home/henry/unity_udp_ros_bridge/src/unity_udp_ros_bridge/build/unity_udp_ros_bridge/install.log --single-version-externally-managed install_data
[0.430s] running egg_info
[0.430s] writing build/unity_udp_ros_bridge/unity_udp_ros_bridge.egg-info/PKG-INFO
[0.431s] writing dependency_links to build/unity_udp_ros_bridge/unity_udp_ros_bridge.egg-info/dependency_links.txt
[0.431s] writing entry points to build/unity_udp_ros_bridge/unity_udp_ros_bridge.egg-info/entry_points.txt
[0.431s] writing requirements to build/unity_udp_ros_bridge/unity_udp_ros_bridge.egg-info/requires.txt
[0.431s] writing top-level names to build/unity_udp_ros_bridge/unity_udp_ros_bridge.egg-info/top_level.txt
[0.431s] reading manifest file 'build/unity_udp_ros_bridge/unity_udp_ros_bridge.egg-info/SOURCES.txt'
[0.432s] writing manifest file 'build/unity_udp_ros_bridge/unity_udp_ros_bridge.egg-info/SOURCES.txt'
[0.432s] running build
[0.432s] running build_py
[0.432s] copying unity_udp_ros_bridge/UDPServer.py -> /home/henry/unity_udp_ros_bridge/src/unity_udp_ros_bridge/build/unity_udp_ros_bridge/build/lib/unity_udp_ros_bridge
[0.432s] running install
[0.432s] running install_lib
[0.433s] copying /home/henry/unity_udp_ros_bridge/src/unity_udp_ros_bridge/build/unity_udp_ros_bridge/build/lib/unity_udp_ros_bridge/UDPServer.py -> /home/henry/unity_udp_ros_bridge/src/unity_udp_ros_bridge/install/unity_udp_ros_bridge/lib/python3.10/site-packages/unity_udp_ros_bridge
[0.433s] byte-compiling /home/henry/unity_udp_ros_bridge/src/unity_udp_ros_bridge/install/unity_udp_ros_bridge/lib/python3.10/site-packages/unity_udp_ros_bridge/UDPServer.py to UDPServer.cpython-310.pyc
[0.434s] running install_data
[0.434s] running install_egg_info
[0.434s] removing '/home/henry/unity_udp_ros_bridge/src/unity_udp_ros_bridge/install/unity_udp_ros_bridge/lib/python3.10/site-packages/unity_udp_ros_bridge-0.0.0-py3.10.egg-info' (and everything under it)
[0.435s] Copying build/unity_udp_ros_bridge/unity_udp_ros_bridge.egg-info to /home/henry/unity_udp_ros_bridge/src/unity_udp_ros_bridge/install/unity_udp_ros_bridge/lib/python3.10/site-packages/unity_udp_ros_bridge-0.0.0-py3.10.egg-info
[0.435s] running install_scripts
[0.447s] Installing udp_bridge_pub script to /home/henry/unity_udp_ros_bridge/src/unity_udp_ros_bridge/install/unity_udp_ros_bridge/lib/unity_udp_ros_bridge
[0.447s] Installing udp_bridge_sub script to /home/henry/unity_udp_ros_bridge/src/unity_udp_ros_bridge/install/unity_udp_ros_bridge/lib/unity_udp_ros_bridge
[0.447s] writing list of installed files to '/home/henry/unity_udp_ros_bridge/src/unity_udp_ros_bridge/build/unity_udp_ros_bridge/install.log'
[0.460s] Invoked command in '/home/henry/unity_udp_ros_bridge/src/unity_udp_ros_bridge' returned '0': PYTHONPATH=/home/henry/unity_udp_ros_bridge/src/unity_udp_ros_bridge/build/unity_udp_ros_bridge/prefix_override:/usr/lib/python3/dist-packages/colcon_core/task/python/colcon_distutils_commands:/home/henry/unity_udp_ros_bridge/src/unity_udp_ros_bridge/install/unity_udp_ros_bridge/lib/python3.10/site-packages:${PYTHONPATH} /usr/bin/python3 -W ignore:setup.py install is deprecated -W ignore:easy_install command is deprecated setup.py egg_info --egg-base build/unity_udp_ros_bridge build --build-base /home/henry/unity_udp_ros_bridge/src/unity_udp_ros_bridge/build/unity_udp_ros_bridge/build install --record /home/henry/unity_udp_ros_bridge/src/unity_udp_ros_bridge/build/unity_udp_ros_bridge/install.log --single-version-externally-managed install_data
