[0.325s] Invoking command in '/home/henry/unity_udp_ros_bridge/src/unity_udp_ros_bridge': PYTHONPATH=/home/henry/unity_udp_ros_bridge/src/unity_udp_ros_bridge/build/unity_udp_ros_bridge/prefix_override:/usr/lib/python3/dist-packages/colcon_core/task/python/colcon_distutils_commands:/home/henry/unity_udp_ros_bridge/src/unity_udp_ros_bridge/install/unity_udp_ros_bridge/lib/python3.10/site-packages:${PYTHONPATH} /usr/bin/python3 -W ignore:setup.py install is deprecated -W ignore:easy_install command is deprecated setup.py egg_info --egg-base build/unity_udp_ros_bridge build --build-base /home/henry/unity_udp_ros_bridge/src/unity_udp_ros_bridge/build/unity_udp_ros_bridge/build install --record /home/henry/unity_udp_ros_bridge/src/unity_udp_ros_bridge/build/unity_udp_ros_bridge/install.log --single-version-externally-managed install_data
[0.444s] running egg_info
[0.444s] creating build/unity_udp_ros_bridge/unity_udp_ros_bridge.egg-info
[0.444s] writing build/unity_udp_ros_bridge/unity_udp_ros_bridge.egg-info/PKG-INFO
[0.444s] writing dependency_links to build/unity_udp_ros_bridge/unity_udp_ros_bridge.egg-info/dependency_links.txt
[0.444s] writing entry points to build/unity_udp_ros_bridge/unity_udp_ros_bridge.egg-info/entry_points.txt
[0.444s] writing requirements to build/unity_udp_ros_bridge/unity_udp_ros_bridge.egg-info/requires.txt
[0.444s] writing top-level names to build/unity_udp_ros_bridge/unity_udp_ros_bridge.egg-info/top_level.txt
[0.445s] writing manifest file 'build/unity_udp_ros_bridge/unity_udp_ros_bridge.egg-info/SOURCES.txt'
[0.445s] reading manifest file 'build/unity_udp_ros_bridge/unity_udp_ros_bridge.egg-info/SOURCES.txt'
[0.446s] writing manifest file 'build/unity_udp_ros_bridge/unity_udp_ros_bridge.egg-info/SOURCES.txt'
[0.446s] running build
[0.446s] running build_py
[0.446s] creating /home/henry/unity_udp_ros_bridge/src/unity_udp_ros_bridge/build/unity_udp_ros_bridge/build
[0.446s] creating /home/henry/unity_udp_ros_bridge/src/unity_udp_ros_bridge/build/unity_udp_ros_bridge/build/lib
[0.446s] creating /home/henry/unity_udp_ros_bridge/src/unity_udp_ros_bridge/build/unity_udp_ros_bridge/build/lib/unity_udp_ros_bridge
[0.446s] copying unity_udp_ros_bridge/udp_bridge.py -> /home/henry/unity_udp_ros_bridge/src/unity_udp_ros_bridge/build/unity_udp_ros_bridge/build/lib/unity_udp_ros_bridge
[0.446s] copying unity_udp_ros_bridge/__init__.py -> /home/henry/unity_udp_ros_bridge/src/unity_udp_ros_bridge/build/unity_udp_ros_bridge/build/lib/unity_udp_ros_bridge
[0.446s] running install
[0.446s] running install_lib
[0.446s] creating /home/henry/unity_udp_ros_bridge/src/unity_udp_ros_bridge/install/unity_udp_ros_bridge/lib/python3.10/site-packages/unity_udp_ros_bridge
[0.446s] copying /home/henry/unity_udp_ros_bridge/src/unity_udp_ros_bridge/build/unity_udp_ros_bridge/build/lib/unity_udp_ros_bridge/udp_bridge.py -> /home/henry/unity_udp_ros_bridge/src/unity_udp_ros_bridge/install/unity_udp_ros_bridge/lib/python3.10/site-packages/unity_udp_ros_bridge
[0.446s] copying /home/henry/unity_udp_ros_bridge/src/unity_udp_ros_bridge/build/unity_udp_ros_bridge/build/lib/unity_udp_ros_bridge/__init__.py -> /home/henry/unity_udp_ros_bridge/src/unity_udp_ros_bridge/install/unity_udp_ros_bridge/lib/python3.10/site-packages/unity_udp_ros_bridge
[0.447s] byte-compiling /home/henry/unity_udp_ros_bridge/src/unity_udp_ros_bridge/install/unity_udp_ros_bridge/lib/python3.10/site-packages/unity_udp_ros_bridge/udp_bridge.py to udp_bridge.cpython-310.pyc
[0.447s] byte-compiling /home/henry/unity_udp_ros_bridge/src/unity_udp_ros_bridge/install/unity_udp_ros_bridge/lib/python3.10/site-packages/unity_udp_ros_bridge/__init__.py to __init__.cpython-310.pyc
[0.447s] running install_data
[0.447s] creating /home/henry/unity_udp_ros_bridge/src/unity_udp_ros_bridge/install/unity_udp_ros_bridge/share/ament_index
[0.447s] creating /home/henry/unity_udp_ros_bridge/src/unity_udp_ros_bridge/install/unity_udp_ros_bridge/share/ament_index/resource_index
[0.447s] creating /home/henry/unity_udp_ros_bridge/src/unity_udp_ros_bridge/install/unity_udp_ros_bridge/share/ament_index/resource_index/packages
[0.447s] copying resource/unity_udp_ros_bridge -> /home/henry/unity_udp_ros_bridge/src/unity_udp_ros_bridge/install/unity_udp_ros_bridge/share/ament_index/resource_index/packages
[0.447s] copying package.xml -> /home/henry/unity_udp_ros_bridge/src/unity_udp_ros_bridge/install/unity_udp_ros_bridge/share/unity_udp_ros_bridge
[0.447s] running install_egg_info
[0.448s] Copying build/unity_udp_ros_bridge/unity_udp_ros_bridge.egg-info to /home/henry/unity_udp_ros_bridge/src/unity_udp_ros_bridge/install/unity_udp_ros_bridge/lib/python3.10/site-packages/unity_udp_ros_bridge-0.0.0-py3.10.egg-info
[0.448s] running install_scripts
[0.460s] Installing udp_bridge script to /home/henry/unity_udp_ros_bridge/src/unity_udp_ros_bridge/install/unity_udp_ros_bridge/lib/unity_udp_ros_bridge
[0.460s] writing list of installed files to '/home/henry/unity_udp_ros_bridge/src/unity_udp_ros_bridge/build/unity_udp_ros_bridge/install.log'
[0.472s] Invoked command in '/home/henry/unity_udp_ros_bridge/src/unity_udp_ros_bridge' returned '0': PYTHONPATH=/home/henry/unity_udp_ros_bridge/src/unity_udp_ros_bridge/build/unity_udp_ros_bridge/prefix_override:/usr/lib/python3/dist-packages/colcon_core/task/python/colcon_distutils_commands:/home/henry/unity_udp_ros_bridge/src/unity_udp_ros_bridge/install/unity_udp_ros_bridge/lib/python3.10/site-packages:${PYTHONPATH} /usr/bin/python3 -W ignore:setup.py install is deprecated -W ignore:easy_install command is deprecated setup.py egg_info --egg-base build/unity_udp_ros_bridge build --build-base /home/henry/unity_udp_ros_bridge/src/unity_udp_ros_bridge/build/unity_udp_ros_bridge/build install --record /home/henry/unity_udp_ros_bridge/src/unity_udp_ros_bridge/build/unity_udp_ros_bridge/install.log --single-version-externally-managed install_data
