[0.667s] Invoking command in '/home/henry/custom_msg_testing/unity_udp_ros_bridge': PYTHONPATH=/home/henry/custom_msg_testing/unity_udp_ros_bridge/build/unity_udp_ros_bridge/prefix_override:/usr/lib/python3/dist-packages/colcon_core/task/python/colcon_distutils_commands:/home/henry/custom_msg_testing/unity_udp_ros_bridge/install/unity_udp_ros_bridge/lib/python3.10/site-packages:${PYTHONPATH} /usr/bin/python3 -W ignore:setup.py install is deprecated -W ignore:easy_install command is deprecated setup.py egg_info --egg-base build/unity_udp_ros_bridge build --build-base /home/henry/custom_msg_testing/unity_udp_ros_bridge/build/unity_udp_ros_bridge/build install --record /home/henry/custom_msg_testing/unity_udp_ros_bridge/build/unity_udp_ros_bridge/install.log --single-version-externally-managed install_data
[0.928s] running egg_info
[0.929s] writing build/unity_udp_ros_bridge/unity_udp_ros_bridge.egg-info/PKG-INFO
[0.930s] writing dependency_links to build/unity_udp_ros_bridge/unity_udp_ros_bridge.egg-info/dependency_links.txt
[0.930s] writing entry points to build/unity_udp_ros_bridge/unity_udp_ros_bridge.egg-info/entry_points.txt
[0.930s] writing requirements to build/unity_udp_ros_bridge/unity_udp_ros_bridge.egg-info/requires.txt
[0.930s] writing top-level names to build/unity_udp_ros_bridge/unity_udp_ros_bridge.egg-info/top_level.txt
[0.932s] reading manifest file 'build/unity_udp_ros_bridge/unity_udp_ros_bridge.egg-info/SOURCES.txt'
[0.933s] writing manifest file 'build/unity_udp_ros_bridge/unity_udp_ros_bridge.egg-info/SOURCES.txt'
[0.933s] running build
[0.933s] running build_py
[0.933s] copying unity_udp_ros_bridge/UDPBridgePub.py -> /home/henry/custom_msg_testing/unity_udp_ros_bridge/build/unity_udp_ros_bridge/build/lib/unity_udp_ros_bridge
[0.934s] running install
[0.934s] running install_lib
[0.935s] copying /home/henry/custom_msg_testing/unity_udp_ros_bridge/build/unity_udp_ros_bridge/build/lib/unity_udp_ros_bridge/UDPBridgePub.py -> /home/henry/custom_msg_testing/unity_udp_ros_bridge/install/unity_udp_ros_bridge/lib/python3.10/site-packages/unity_udp_ros_bridge
[0.936s] byte-compiling /home/henry/custom_msg_testing/unity_udp_ros_bridge/install/unity_udp_ros_bridge/lib/python3.10/site-packages/unity_udp_ros_bridge/UDPBridgePub.py to UDPBridgePub.cpython-310.pyc
[0.937s] running install_data
[0.937s] running install_egg_info
[0.938s] removing '/home/henry/custom_msg_testing/unity_udp_ros_bridge/install/unity_udp_ros_bridge/lib/python3.10/site-packages/unity_udp_ros_bridge-0.0.0-py3.10.egg-info' (and everything under it)
[0.939s] Copying build/unity_udp_ros_bridge/unity_udp_ros_bridge.egg-info to /home/henry/custom_msg_testing/unity_udp_ros_bridge/install/unity_udp_ros_bridge/lib/python3.10/site-packages/unity_udp_ros_bridge-0.0.0-py3.10.egg-info
[0.940s] running install_scripts
[0.959s] Installing udp_bridge_pub script to /home/henry/custom_msg_testing/unity_udp_ros_bridge/install/unity_udp_ros_bridge/lib/unity_udp_ros_bridge
[0.959s] Installing udp_bridge_sub script to /home/henry/custom_msg_testing/unity_udp_ros_bridge/install/unity_udp_ros_bridge/lib/unity_udp_ros_bridge
[0.960s] writing list of installed files to '/home/henry/custom_msg_testing/unity_udp_ros_bridge/build/unity_udp_ros_bridge/install.log'
[0.980s] Invoked command in '/home/henry/custom_msg_testing/unity_udp_ros_bridge' returned '0': PYTHONPATH=/home/henry/custom_msg_testing/unity_udp_ros_bridge/build/unity_udp_ros_bridge/prefix_override:/usr/lib/python3/dist-packages/colcon_core/task/python/colcon_distutils_commands:/home/henry/custom_msg_testing/unity_udp_ros_bridge/install/unity_udp_ros_bridge/lib/python3.10/site-packages:${PYTHONPATH} /usr/bin/python3 -W ignore:setup.py install is deprecated -W ignore:easy_install command is deprecated setup.py egg_info --egg-base build/unity_udp_ros_bridge build --build-base /home/henry/custom_msg_testing/unity_udp_ros_bridge/build/unity_udp_ros_bridge/build install --record /home/henry/custom_msg_testing/unity_udp_ros_bridge/build/unity_udp_ros_bridge/install.log --single-version-externally-managed install_data
