[0.106s] DEBUG:colcon:Command line arguments: ['/usr/bin/colcon', 'build']
[0.106s] DEBUG:colcon:Parsed command line arguments: Namespace(log_base=None, log_level=None, verb_name='build', build_base='build', install_base='install', merge_install=False, symlink_install=False, test_result_base=None, continue_on_error=False, executor='parallel', parallel_workers=20, event_handlers=None, ignore_user_meta=False, metas=['./colcon.meta'], base_paths=['.'], packages_ignore=None, packages_ignore_regex=None, paths=None, packages_up_to=None, packages_up_to_regex=None, packages_above=None, packages_above_and_dependencies=None, packages_above_depth=None, packages_select_by_dep=None, packages_skip_by_dep=None, packages_skip_up_to=None, packages_select_build_failed=False, packages_skip_build_finished=False, packages_select_test_failures=False, packages_skip_test_passed=False, packages_select=None, packages_skip=None, packages_select_regex=None, packages_skip_regex=None, packages_start=None, packages_end=None, allow_overriding=[], cmake_args=None, cmake_target=None, cmake_target_skip_unavailable=False, cmake_clean_cache=False, cmake_clean_first=False, cmake_force_configure=False, ament_cmake_args=None, catkin_cmake_args=None, catkin_skip_building_tests=False, verb_parser=<colcon_defaults.argument_parser.defaults.DefaultArgumentsDecorator object at 0x7fc242789930>, verb_extension=<colcon_core.verb.build.BuildVerb object at 0x7fc242789420>, main=<bound method BuildVerb.main of <colcon_core.verb.build.BuildVerb object at 0x7fc242789420>>)
[0.288s] Level 1:colcon.colcon_core.package_discovery:discover_packages(colcon_meta) check parameters
[0.288s] Level 1:colcon.colcon_core.package_discovery:discover_packages(recursive) check parameters
[0.288s] Level 1:colcon.colcon_core.package_discovery:discover_packages(ignore) check parameters
[0.288s] Level 1:colcon.colcon_core.package_discovery:discover_packages(path) check parameters
[0.288s] Level 1:colcon.colcon_core.package_discovery:discover_packages(colcon_meta) discover
[0.288s] Level 1:colcon.colcon_core.package_discovery:discover_packages(recursive) discover
[0.288s] INFO:colcon.colcon_core.package_discovery:Crawling recursively for packages in '/home/henry/custom_msg_testing/unity_udp_ros_bridge'
[0.288s] Level 1:colcon.colcon_core.package_identification:_identify(.) by extensions ['ignore', 'ignore_ament_install']
[0.289s] Level 1:colcon.colcon_core.package_identification:_identify(.) by extension 'ignore'
[0.289s] Level 1:colcon.colcon_core.package_identification:_identify(.) by extension 'ignore_ament_install'
[0.289s] Level 1:colcon.colcon_core.package_identification:_identify(.) by extensions ['colcon_pkg']
[0.289s] Level 1:colcon.colcon_core.package_identification:_identify(.) by extension 'colcon_pkg'
[0.289s] Level 1:colcon.colcon_core.package_identification:_identify(.) by extensions ['colcon_meta']
[0.289s] Level 1:colcon.colcon_core.package_identification:_identify(.) by extension 'colcon_meta'
[0.289s] Level 1:colcon.colcon_core.package_identification:_identify(.) by extensions ['ros']
[0.289s] Level 1:colcon.colcon_core.package_identification:_identify(.) by extension 'ros'
[0.308s] DEBUG:colcon.colcon_core.package_identification:Package '.' with type 'ros.ament_python' and name 'unity_udp_ros_bridge'
[0.308s] Level 1:colcon.colcon_core.package_discovery:discover_packages(recursive) using defaults
[0.308s] Level 1:colcon.colcon_core.package_discovery:discover_packages(ignore) discover
[0.308s] Level 1:colcon.colcon_core.package_discovery:discover_packages(ignore) using defaults
[0.308s] Level 1:colcon.colcon_core.package_discovery:discover_packages(path) discover
[0.308s] Level 1:colcon.colcon_core.package_discovery:discover_packages(path) using defaults
[0.327s] Level 1:colcon.colcon_core.package_discovery:discover_packages(prefix_path) check parameters
[0.327s] Level 1:colcon.colcon_core.package_discovery:discover_packages(prefix_path) discover
[0.329s] DEBUG:colcon.colcon_installed_package_information.package_discovery:Found 1 installed packages in /home/henry/custom_msg_testing/unity_udp_ros_bridge/install
[0.330s] DEBUG:colcon.colcon_installed_package_information.package_discovery:Found 16 installed packages in /home/henry/Rover_2023_2024/software/install
[0.331s] DEBUG:colcon.colcon_installed_package_information.package_discovery:Found 3 installed packages in /home/henry/Rover-Unity/ros2_ws/install
[0.331s] DEBUG:colcon.colcon_installed_package_information.package_discovery:Found 2 installed packages in /home/henry/rob499_rover_status_ui/install
[0.333s] DEBUG:colcon.colcon_installed_package_information.package_discovery:Found 458 installed packages in /opt/ros/humble
[0.336s] Level 1:colcon.colcon_core.package_discovery:discover_packages(prefix_path) using defaults
[0.391s] Level 5:colcon.colcon_core.verb:set package 'unity_udp_ros_bridge' build argument 'cmake_args' from command line to 'None'
[0.391s] Level 5:colcon.colcon_core.verb:set package 'unity_udp_ros_bridge' build argument 'cmake_target' from command line to 'None'
[0.391s] Level 5:colcon.colcon_core.verb:set package 'unity_udp_ros_bridge' build argument 'cmake_target_skip_unavailable' from command line to 'False'
[0.391s] Level 5:colcon.colcon_core.verb:set package 'unity_udp_ros_bridge' build argument 'cmake_clean_cache' from command line to 'False'
[0.391s] Level 5:colcon.colcon_core.verb:set package 'unity_udp_ros_bridge' build argument 'cmake_clean_first' from command line to 'False'
[0.391s] Level 5:colcon.colcon_core.verb:set package 'unity_udp_ros_bridge' build argument 'cmake_force_configure' from command line to 'False'
[0.391s] Level 5:colcon.colcon_core.verb:set package 'unity_udp_ros_bridge' build argument 'ament_cmake_args' from command line to 'None'
[0.391s] Level 5:colcon.colcon_core.verb:set package 'unity_udp_ros_bridge' build argument 'catkin_cmake_args' from command line to 'None'
[0.392s] Level 5:colcon.colcon_core.verb:set package 'unity_udp_ros_bridge' build argument 'catkin_skip_building_tests' from command line to 'False'
[0.392s] DEBUG:colcon.colcon_core.verb:Building package 'unity_udp_ros_bridge' with the following arguments: {'ament_cmake_args': None, 'build_base': '/home/henry/custom_msg_testing/unity_udp_ros_bridge/build/unity_udp_ros_bridge', 'catkin_cmake_args': None, 'catkin_skip_building_tests': False, 'cmake_args': None, 'cmake_clean_cache': False, 'cmake_clean_first': False, 'cmake_force_configure': False, 'cmake_target': None, 'cmake_target_skip_unavailable': False, 'install_base': '/home/henry/custom_msg_testing/unity_udp_ros_bridge/install/unity_udp_ros_bridge', 'merge_install': False, 'path': '/home/henry/custom_msg_testing/unity_udp_ros_bridge', 'symlink_install': False, 'test_result_base': None}
[0.392s] INFO:colcon.colcon_core.executor:Executing jobs using 'parallel' executor
[0.393s] DEBUG:colcon.colcon_parallel_executor.executor.parallel:run_until_complete
[0.393s] INFO:colcon.colcon_ros.task.ament_python.build:Building ROS package in '/home/henry/custom_msg_testing/unity_udp_ros_bridge' with build type 'ament_python'
[0.393s] Level 1:colcon.colcon_core.shell:create_environment_hook('unity_udp_ros_bridge', 'ament_prefix_path')
[0.395s] INFO:colcon.colcon_core.plugin_system:Skipping extension 'colcon_core.shell.bat': Not used on non-Windows systems
[0.395s] INFO:colcon.colcon_core.shell:Creating environment hook '/home/henry/custom_msg_testing/unity_udp_ros_bridge/install/unity_udp_ros_bridge/share/unity_udp_ros_bridge/hook/ament_prefix_path.ps1'
[0.396s] INFO:colcon.colcon_core.shell:Creating environment descriptor '/home/henry/custom_msg_testing/unity_udp_ros_bridge/install/unity_udp_ros_bridge/share/unity_udp_ros_bridge/hook/ament_prefix_path.dsv'
[0.397s] INFO:colcon.colcon_core.shell:Creating environment hook '/home/henry/custom_msg_testing/unity_udp_ros_bridge/install/unity_udp_ros_bridge/share/unity_udp_ros_bridge/hook/ament_prefix_path.sh'
[0.398s] INFO:colcon.colcon_core.shell:Skip shell extension 'powershell' for command environment: Not usable outside of PowerShell
[0.398s] DEBUG:colcon.colcon_core.shell:Skip shell extension 'dsv' for command environment
[0.682s] INFO:colcon.colcon_core.task.python.build:Building Python package in '/home/henry/custom_msg_testing/unity_udp_ros_bridge'
[0.682s] INFO:colcon.colcon_core.shell:Skip shell extension 'powershell' for command environment: Not usable outside of PowerShell
[0.682s] DEBUG:colcon.colcon_core.shell:Skip shell extension 'dsv' for command environment
[0.912s] DEBUG:colcon.colcon_core.event_handler.log_command:Invoking command in '/home/henry/custom_msg_testing/unity_udp_ros_bridge': PYTHONPATH=/home/henry/custom_msg_testing/unity_udp_ros_bridge/build/unity_udp_ros_bridge/prefix_override:/usr/lib/python3/dist-packages/colcon_core/task/python/colcon_distutils_commands:/home/henry/custom_msg_testing/unity_udp_ros_bridge/install/unity_udp_ros_bridge/lib/python3.10/site-packages:${PYTHONPATH} /usr/bin/python3 -W ignore:setup.py install is deprecated -W ignore:easy_install command is deprecated setup.py egg_info --egg-base build/unity_udp_ros_bridge build --build-base /home/henry/custom_msg_testing/unity_udp_ros_bridge/build/unity_udp_ros_bridge/build install --record /home/henry/custom_msg_testing/unity_udp_ros_bridge/build/unity_udp_ros_bridge/install.log --single-version-externally-managed install_data
[1.223s] DEBUG:colcon.colcon_core.event_handler.log_command:Invoked command in '/home/henry/custom_msg_testing/unity_udp_ros_bridge' returned '0': PYTHONPATH=/home/henry/custom_msg_testing/unity_udp_ros_bridge/build/unity_udp_ros_bridge/prefix_override:/usr/lib/python3/dist-packages/colcon_core/task/python/colcon_distutils_commands:/home/henry/custom_msg_testing/unity_udp_ros_bridge/install/unity_udp_ros_bridge/lib/python3.10/site-packages:${PYTHONPATH} /usr/bin/python3 -W ignore:setup.py install is deprecated -W ignore:easy_install command is deprecated setup.py egg_info --egg-base build/unity_udp_ros_bridge build --build-base /home/henry/custom_msg_testing/unity_udp_ros_bridge/build/unity_udp_ros_bridge/build install --record /home/henry/custom_msg_testing/unity_udp_ros_bridge/build/unity_udp_ros_bridge/install.log --single-version-externally-managed install_data
[1.225s] Level 1:colcon.colcon_core.environment:checking '/home/henry/custom_msg_testing/unity_udp_ros_bridge/install/unity_udp_ros_bridge' for CMake module files
[1.226s] Level 1:colcon.colcon_core.environment:checking '/home/henry/custom_msg_testing/unity_udp_ros_bridge/install/unity_udp_ros_bridge' for CMake config files
[1.226s] Level 1:colcon.colcon_core.environment:checking '/home/henry/custom_msg_testing/unity_udp_ros_bridge/install/unity_udp_ros_bridge/lib'
[1.227s] Level 1:colcon.colcon_core.environment:checking '/home/henry/custom_msg_testing/unity_udp_ros_bridge/install/unity_udp_ros_bridge/bin'
[1.227s] Level 1:colcon.colcon_core.environment:checking '/home/henry/custom_msg_testing/unity_udp_ros_bridge/install/unity_udp_ros_bridge/lib/pkgconfig/unity_udp_ros_bridge.pc'
[1.227s] Level 1:colcon.colcon_core.environment:checking '/home/henry/custom_msg_testing/unity_udp_ros_bridge/install/unity_udp_ros_bridge/lib/python3.10/site-packages'
[1.227s] Level 1:colcon.colcon_core.shell:create_environment_hook('unity_udp_ros_bridge', 'pythonpath')
[1.227s] INFO:colcon.colcon_core.shell:Creating environment hook '/home/henry/custom_msg_testing/unity_udp_ros_bridge/install/unity_udp_ros_bridge/share/unity_udp_ros_bridge/hook/pythonpath.ps1'
[1.228s] INFO:colcon.colcon_core.shell:Creating environment descriptor '/home/henry/custom_msg_testing/unity_udp_ros_bridge/install/unity_udp_ros_bridge/share/unity_udp_ros_bridge/hook/pythonpath.dsv'
[1.228s] INFO:colcon.colcon_core.shell:Creating environment hook '/home/henry/custom_msg_testing/unity_udp_ros_bridge/install/unity_udp_ros_bridge/share/unity_udp_ros_bridge/hook/pythonpath.sh'
[1.229s] Level 1:colcon.colcon_core.environment:checking '/home/henry/custom_msg_testing/unity_udp_ros_bridge/install/unity_udp_ros_bridge/bin'
[1.229s] Level 1:colcon.colcon_core.environment:create_environment_scripts_only(unity_udp_ros_bridge)
[1.229s] INFO:colcon.colcon_core.shell:Creating package script '/home/henry/custom_msg_testing/unity_udp_ros_bridge/install/unity_udp_ros_bridge/share/unity_udp_ros_bridge/package.ps1'
[1.230s] INFO:colcon.colcon_core.shell:Creating package descriptor '/home/henry/custom_msg_testing/unity_udp_ros_bridge/install/unity_udp_ros_bridge/share/unity_udp_ros_bridge/package.dsv'
[1.231s] INFO:colcon.colcon_core.shell:Creating package script '/home/henry/custom_msg_testing/unity_udp_ros_bridge/install/unity_udp_ros_bridge/share/unity_udp_ros_bridge/package.sh'
[1.232s] INFO:colcon.colcon_core.shell:Creating package script '/home/henry/custom_msg_testing/unity_udp_ros_bridge/install/unity_udp_ros_bridge/share/unity_udp_ros_bridge/package.bash'
[1.232s] INFO:colcon.colcon_core.shell:Creating package script '/home/henry/custom_msg_testing/unity_udp_ros_bridge/install/unity_udp_ros_bridge/share/unity_udp_ros_bridge/package.zsh'
[1.233s] Level 1:colcon.colcon_core.environment:create_file_with_runtime_dependencies(/home/henry/custom_msg_testing/unity_udp_ros_bridge/install/unity_udp_ros_bridge/share/colcon-core/packages/unity_udp_ros_bridge)
[1.233s] DEBUG:colcon.colcon_parallel_executor.executor.parallel:closing loop
[1.234s] DEBUG:colcon.colcon_parallel_executor.executor.parallel:loop closed
[1.234s] DEBUG:colcon.colcon_parallel_executor.executor.parallel:run_until_complete finished with '0'
[1.234s] DEBUG:colcon.colcon_core.event_reactor:joining thread
[1.237s] INFO:colcon.colcon_core.plugin_system:Skipping extension 'colcon_notification.desktop_notification.terminal_notifier': Not used on non-Darwin systems
[1.237s] INFO:colcon.colcon_core.plugin_system:Skipping extension 'colcon_notification.desktop_notification.win32': Not used on non-Windows systems
[1.237s] INFO:colcon.colcon_notification.desktop_notification:Sending desktop notification using 'notify2'
[1.248s] DEBUG:colcon.colcon_core.event_reactor:joined thread
[1.248s] INFO:colcon.colcon_core.shell:Creating prefix script '/home/henry/custom_msg_testing/unity_udp_ros_bridge/install/local_setup.ps1'
[1.249s] INFO:colcon.colcon_core.shell:Creating prefix util module '/home/henry/custom_msg_testing/unity_udp_ros_bridge/install/_local_setup_util_ps1.py'
[1.250s] INFO:colcon.colcon_core.shell:Creating prefix chain script '/home/henry/custom_msg_testing/unity_udp_ros_bridge/install/setup.ps1'
[1.252s] INFO:colcon.colcon_core.shell:Creating prefix script '/home/henry/custom_msg_testing/unity_udp_ros_bridge/install/local_setup.sh'
[1.253s] INFO:colcon.colcon_core.shell:Creating prefix util module '/home/henry/custom_msg_testing/unity_udp_ros_bridge/install/_local_setup_util_sh.py'
[1.253s] INFO:colcon.colcon_core.shell:Creating prefix chain script '/home/henry/custom_msg_testing/unity_udp_ros_bridge/install/setup.sh'
[1.255s] INFO:colcon.colcon_core.shell:Creating prefix script '/home/henry/custom_msg_testing/unity_udp_ros_bridge/install/local_setup.bash'
[1.256s] INFO:colcon.colcon_core.shell:Creating prefix chain script '/home/henry/custom_msg_testing/unity_udp_ros_bridge/install/setup.bash'
[1.257s] INFO:colcon.colcon_core.shell:Creating prefix script '/home/henry/custom_msg_testing/unity_udp_ros_bridge/install/local_setup.zsh'
[1.258s] INFO:colcon.colcon_core.shell:Creating prefix chain script '/home/henry/custom_msg_testing/unity_udp_ros_bridge/install/setup.zsh'
